<?xml version="1.0" encoding="UTF-8"?>
<testng-results skipped="0" failed="0" total="8" passed="8">
  <reporter-output>
  </reporter-output>
  <suite name="Default suite" duration-ms="29" started-at="2021-04-26T04:35:22Z" finished-at="2021-04-26T04:35:22Z">
    <groups>
    </groups>
    <test name="Default test" duration-ms="29" started-at="2021-04-26T04:35:22Z" finished-at="2021-04-26T04:35:22Z">
      <class name="TestNGDemo.TestngParametersPractise">
        <test-method status="PASS" signature="d()[pri:0, instance:TestNGDemo.TestngParametersPractise@16a9952]" name="d" duration-ms="8" started-at="2021-04-26T10:05:22Z" finished-at="2021-04-26T10:05:22Z">
          <reporter-output>
          </reporter-output>
        </test-method> <!-- d -->
        <test-method status="PASS" signature="m1()[pri:0, instance:TestNGDemo.TestngParametersPractise@16a9952]" name="m1" duration-ms="0" started-at="2021-04-26T10:05:22Z" finished-at="2021-04-26T10:05:22Z">
          <reporter-output>
          </reporter-output>
        </test-method> <!-- m1 -->
        <test-method status="PASS" signature="m2()[pri:0, instance:TestNGDemo.TestngParametersPractise@16a9952]" name="m2" duration-ms="0" started-at="2021-04-26T10:05:22Z" finished-at="2021-04-26T10:05:22Z">
          <reporter-output>
          </reporter-output>
        </test-method> <!-- m2 -->
        <test-method status="PASS" signature="m4()[pri:0, instance:TestNGDemo.TestngParametersPractise@16a9952]" name="m4" duration-ms="1" started-at="2021-04-26T10:05:22Z" finished-at="2021-04-26T10:05:22Z">
          <reporter-output>
          </reporter-output>
        </test-method> <!-- m4 -->
        <test-method status="PASS" signature="m3()[pri:0, instance:TestNGDemo.TestngParametersPractise@16a9952]" name="m3" duration-ms="0" started-at="2021-04-26T10:05:22Z" finished-at="2021-04-26T10:05:22Z">
          <reporter-output>
          </reporter-output>
        </test-method> <!-- m3 -->
        <test-method status="PASS" signature="m5()[pri:0, instance:TestNGDemo.TestngParametersPractise@16a9952]" name="m5" duration-ms="0" started-at="2021-04-26T10:05:22Z" finished-at="2021-04-26T10:05:22Z">
          <reporter-output>
          </reporter-output>
        </test-method> <!-- m5 -->
        <test-method status="PASS" signature="m6()[pri:0, instance:TestNGDemo.TestngParametersPractise@16a9952]" name="m6" duration-ms="0" started-at="2021-04-26T10:05:22Z" finished-at="2021-04-26T10:05:22Z">
          <reporter-output>
          </reporter-output>
        </test-method> <!-- m6 -->
        <test-method status="PASS" signature="z()[pri:0, instance:TestNGDemo.TestngParametersPractise@16a9952]" name="z" duration-ms="0" started-at="2021-04-26T10:05:22Z" finished-at="2021-04-26T10:05:22Z">
          <reporter-output>
          </reporter-output>
        </test-method> <!-- z -->
      </class> <!-- TestNGDemo.TestngParametersPractise -->
    </test> <!-- Default test -->
  </suite> <!-- Default suite -->
</testng-results>
