<?xml version="1.0" encoding="UTF-8"?>
<!-- Generated by org.testng.reporters.JUnitXMLReporter -->
<testsuite hostname="DESKTOP-HSEI9NM" name="GroupsTest" tests="3" failures="0" timestamp="16 Oct 2019 17:11:11 GMT" time="0.063" errors="0">
  <testcase name="m2" time="0.031" classname="TestNGDemo.GroupsInTestNG"/>
  <testcase name="m3" time="0.0" classname="TestNGDemo.GroupsInTestNG"/>
  <testcase name="m5" time="0.0" classname="TestNGDemo.GroupsInTestNG"/>
</testsuite> <!-- GroupsTest -->
