<?xml version="1.0" encoding="UTF-8"?>
<!-- Generated by org.testng.reporters.JUnitXMLReporter -->
<testsuite hostname="DESKTOP-HSEI9NM" name="Test" tests="30" failures="0" timestamp="30 Jul 2019 03:52:16 GMT" time="0.109" errors="0">
  <testcase name="chk" time="0.0" classname="TestNGDemo.DataProviderDemo"/>
  <testcase name="chk" time="0.0" classname="TestNGDemo.DataProviderDemo"/>
  <testcase name="chk" time="0.0" classname="TestNGDemo.DataProviderDemo"/>
  <testcase name="m1" time="0.016" classname="TestNGDemo.DataProviderDemo"/>
  <testcase name="m1" time="0.0" classname="TestNGDemo.DataProviderDemo"/>
  <testcase name="m1" time="0.0" classname="TestNGDemo.DataProviderDemo"/>
  <testcase name="m1" time="0.0" classname="TestNGDemo.GroupsInTestNG"/>
  <testcase name="m2" time="0.0" classname="TestNGDemo.GroupsInTestNG"/>
  <testcase name="m2" time="0.0" classname="TestNGDemo.GroupsInTestNG"/>
  <testcase name="m3" time="0.0" classname="TestNGDemo.GroupsInTestNG"/>
  <testcase name="m4" time="0.016" classname="TestNGDemo.GroupsInTestNG"/>
  <testcase name="m5" time="0.0" classname="TestNGDemo.GroupsInTestNG"/>
  <testcase name="m6" time="0.0" classname="TestNGDemo.GroupsInTestNG"/>
  <testcase name="Testm1" time="0.0" classname="TestNGDemo.OrderOfExecutionOfTestNGAnnotations"/>
  <testcase name="Testm2" time="0.0" classname="TestNGDemo.OrderOfExecutionOfTestNGAnnotations"/>
  <testcase name="m1" time="0.0" classname="TestNGDemo.TestngParametersPractise"/>
  <testcase name="m2" time="0.0" classname="TestNGDemo.TestngParametersPractise"/>
  <testcase name="m3" time="0.0" classname="TestNGDemo.TestngParametersPractise"/>
  <testcase name="m4" time="0.0" classname="TestNGDemo.TestngParametersPractise"/>
  <testcase name="m5" time="0.0" classname="TestNGDemo.TestngParametersPractise"/>
  <testcase name="m6" time="0.0" classname="TestNGDemo.TestngParametersPractise"/>
  <testcase name="m2" time="0.0" classname="TestNGDemo.TestNGAttributePassing"/>
  <testcase name="m1" time="0.0" classname="TestNGDemo.TestNGAttributePassing"/>
  <testcase name="m3" time="0.0" classname="TestNGDemo.TestNGAttributePassing"/>
  <testcase name="m1" time="0.0" classname="TestNGDemo.ParametersTestNG"/>
  <testcase name="m2" time="0.0" classname="TestNGDemo.ParametersTestNG"/>
  <testcase name="m3" time="0.0" classname="TestNGDemo.ParametersTestNG"/>
  <testcase name="m4" time="0.0" classname="TestNGDemo.ParametersTestNG"/>
  <testcase name="m5" time="0.0" classname="TestNGDemo.ParametersTestNG"/>
  <testcase name="m6" time="0.0" classname="TestNGDemo.ParametersTestNG"/>
</testsuite> <!-- Test -->
