<?xml version="1.0" encoding="UTF-8"?>
<!-- Generated by org.testng.reporters.JUnitXMLReporter -->
<testsuite hostname="DESKTOP-HSEI9NM" name="Test2" tests="14" failures="0" timestamp="4 Dec 2019 12:04:24 GMT" time="0.088" errors="0">
  <testcase name="a" time="0.031" classname="TestNGDemo.TestNGAttributePassing"/>
  <testcase name="b" time="0.0" classname="TestNGDemo.TestNGAttributePassing"/>
  <testcase name="c" time="0.0" classname="TestNGDemo.TestNGAttributePassing"/>
  <testcase name="m2" time="0.0" classname="TestNGDemo.TestNGAttributePassing"/>
  <testcase name="m1" time="0.0" classname="TestNGDemo.TestNGAttributePassing"/>
  <testcase name="m3" time="0.0" classname="TestNGDemo.TestNGAttributePassing"/>
  <testcase name="d" time="0.0" classname="TestNGDemo.TestngParametersPractise"/>
  <testcase name="m1" time="0.0" classname="TestNGDemo.TestngParametersPractise"/>
  <testcase name="m2" time="0.0" classname="TestNGDemo.TestngParametersPractise"/>
  <testcase name="m3" time="0.0" classname="TestNGDemo.TestngParametersPractise"/>
  <testcase name="m4" time="0.0" classname="TestNGDemo.TestngParametersPractise"/>
  <testcase name="m5" time="0.0" classname="TestNGDemo.TestngParametersPractise"/>
  <testcase name="m6" time="0.0" classname="TestNGDemo.TestngParametersPractise"/>
  <testcase name="z" time="0.0" classname="TestNGDemo.TestngParametersPractise"/>
</testsuite> <!-- Test2 -->
